2022-09-04 19:21:56,524 [INFO ] com.book.manager.ManagerApplication(55) - Starting ManagerApplication on panjinsheng with PID 223208 (D:\develop_workspace\workspace_idea\project\springboot\book-manager-master\target\classes started by panjinsheng in D:\develop_workspace\workspace_idea\project\springboot\book-manager-master)
2022-09-04 19:21:56,528 [INFO ] com.book.manager.ManagerApplication(655) - The following profiles are active: dev
2022-09-04 19:21:57,556 [INFO ] org.springframework.data.repository.config.RepositoryConfigurationDelegate(127) - Bootstrapping Spring Data JPA repositories in DEFAULT mode.
2022-09-04 19:21:57,661 [INFO ] org.springframework.data.repository.config.RepositoryConfigurationDelegate(187) - Finished Spring Data repository scanning in 89ms. Found 3 JPA repository interfaces.
2022-09-04 19:21:58,895 [INFO ] org.springframework.boot.web.embedded.tomcat.TomcatWebServer(108) - Tomcat initialized with port(s): 8080 (http)
2022-09-04 19:21:58,908 [INFO ] org.apache.coyote.http11.Http11NioProtocol(173) - Initializing ProtocolHandler ["http-nio-8080"]
2022-09-04 19:21:58,908 [INFO ] org.apache.catalina.core.StandardService(173) - Starting service [Tomcat]
2022-09-04 19:21:58,909 [INFO ] org.apache.catalina.core.StandardEngine(173) - Starting Servlet engine: [Apache Tomcat/9.0.36]
2022-09-04 19:21:59,038 [INFO ] org.apache.catalina.core.ContainerBase.[Tomcat].[localhost].[/](173) - Initializing Spring embedded WebApplicationContext
2022-09-04 19:21:59,039 [INFO ] org.springframework.boot.web.servlet.context.ServletWebServerApplicationContext(285) - Root WebApplicationContext: initialization completed in 2459 ms
2022-09-04 19:21:59,460 [INFO ] org.hibernate.Version(44) - HHH000412: Hibernate ORM core version 5.4.17.Final
2022-09-04 19:21:59,645 [INFO ] org.hibernate.annotations.common.Version(49) - HCANN000001: Hibernate Commons Annotations {5.1.0.Final}
2022-09-04 19:21:59,819 [INFO ] com.zaxxer.hikari.HikariDataSource(110) - HikariPool-1 - Starting...
2022-09-04 19:22:00,826 [INFO ] com.zaxxer.hikari.HikariDataSource(123) - HikariPool-1 - Start completed.
2022-09-04 19:22:00,851 [INFO ] org.hibernate.dialect.Dialect(172) - HHH000400: Using dialect: org.hibernate.dialect.MySQL8Dialect
2022-09-04 19:22:01,671 [INFO ] org.hibernate.engine.transaction.jta.platform.internal.JtaPlatformInitiator(52) - HHH000490: Using JtaPlatform implementation: [org.hibernate.engine.transaction.jta.platform.internal.NoJtaPlatform]
2022-09-04 19:22:01,682 [INFO ] org.springframework.orm.jpa.LocalContainerEntityManagerFactoryBean(416) - Initialized JPA EntityManagerFactory for persistence unit 'default'
2022-09-04 19:22:03,021 [INFO ] springfox.documentation.spring.web.PropertySourcedRequestMappingHandlerMapping(69) - Mapped URL path [/v2/api-docs] onto method [springfox.documentation.swagger2.web.Swagger2Controller#getDocumentation(String, HttpServletRequest)]
2022-09-04 19:22:03,151 [INFO ] org.springframework.security.web.DefaultSecurityFilterChain(43) - Creating filter chain: Ant [pattern='/webjars/**'], []
2022-09-04 19:22:03,151 [INFO ] org.springframework.security.web.DefaultSecurityFilterChain(43) - Creating filter chain: Ant [pattern='/v2/**'], []
2022-09-04 19:22:03,151 [INFO ] org.springframework.security.web.DefaultSecurityFilterChain(43) - Creating filter chain: Ant [pattern='/swagger-resources/**'], []
2022-09-04 19:22:03,151 [INFO ] org.springframework.security.web.DefaultSecurityFilterChain(43) - Creating filter chain: Ant [pattern='/doc.html'], []
2022-09-04 19:22:03,152 [INFO ] org.springframework.security.web.DefaultSecurityFilterChain(43) - Creating filter chain: Ant [pattern='/docs.html'], []
2022-09-04 19:22:03,152 [INFO ] org.springframework.security.web.DefaultSecurityFilterChain(43) - Creating filter chain: Ant [pattern='swagger-ui.html'], []
2022-09-04 19:22:03,194 [INFO ] org.springframework.security.web.DefaultSecurityFilterChain(43) - Creating filter chain: any request, [org.springframework.security.web.context.request.async.WebAsyncManagerIntegrationFilter@64710a6, org.springframework.security.web.context.SecurityContextPersistenceFilter@48a2b492, org.springframework.security.web.header.HeaderWriterFilter@50331591, org.springframework.security.web.authentication.logout.LogoutFilter@6c75c5e8, org.springframework.security.web.authentication.UsernamePasswordAuthenticationFilter@69374e28, org.springframework.security.web.savedrequest.RequestCacheAwareFilter@71f86562, org.springframework.security.web.servletapi.SecurityContextHolderAwareRequestFilter@2e2546bf, org.springframework.security.web.authentication.rememberme.RememberMeAuthenticationFilter@45f4c27c, org.springframework.security.web.authentication.AnonymousAuthenticationFilter@949165f, org.springframework.security.web.session.SessionManagementFilter@53fb3e1b, org.springframework.security.web.access.ExceptionTranslationFilter@5afaae7e, org.springframework.security.web.access.intercept.FilterSecurityInterceptor@3791160a]
2022-09-04 19:22:03,296 [INFO ] org.springframework.scheduling.concurrent.ThreadPoolTaskExecutor(181) - Initializing ExecutorService 'applicationTaskExecutor'
2022-09-04 19:22:03,341 [INFO ] org.springframework.boot.autoconfigure.web.servlet.WelcomePageHandlerMapping(58) - Adding welcome page template: index
2022-09-04 19:22:03,521 [INFO ] org.apache.coyote.http11.Http11NioProtocol(173) - Starting ProtocolHandler ["http-nio-8080"]
2022-09-04 19:22:03,558 [INFO ] org.springframework.boot.web.embedded.tomcat.TomcatWebServer(220) - Tomcat started on port(s): 8080 (http) with context path ''
2022-09-04 19:22:03,559 [INFO ] springfox.documentation.spring.web.plugins.DocumentationPluginsBootstrapper(147) - Context refreshed
2022-09-04 19:22:03,581 [INFO ] springfox.documentation.spring.web.plugins.DocumentationPluginsBootstrapper(150) - Found 1 custom documentation plugin(s)
2022-09-04 19:22:03,634 [INFO ] springfox.documentation.spring.web.scanners.ApiListingReferenceScanner(41) - Scanning for api listing references
2022-09-04 19:22:03,935 [INFO ] springfox.documentation.spring.web.readers.operation.CachingOperationNameGenerator(40) - Generating unique operation named: toLoginUsingGET_1
2022-09-04 19:22:03,937 [INFO ] springfox.documentation.spring.web.readers.operation.CachingOperationNameGenerator(40) - Generating unique operation named: toLoginUsingGET_2
2022-09-04 19:22:04,028 [INFO ] com.book.manager.ManagerApplication(61) - Started ManagerApplication in 7.963 seconds (JVM running for 10.55)
2022-09-04 19:22:07,890 [INFO ] org.apache.catalina.core.ContainerBase.[Tomcat].[localhost].[/](173) - Initializing Spring DispatcherServlet 'dispatcherServlet'
2022-09-04 19:22:07,890 [INFO ] org.springframework.web.servlet.DispatcherServlet(525) - Initializing Servlet 'dispatcherServlet'
2022-09-04 19:22:07,898 [INFO ] org.springframework.web.servlet.DispatcherServlet(547) - Completed initialization in 8 ms
2022-09-04 19:36:23,275 [INFO ] org.springframework.scheduling.concurrent.ThreadPoolTaskExecutor(218) - Shutting down ExecutorService 'applicationTaskExecutor'
2022-09-04 19:36:23,277 [INFO ] org.springframework.orm.jpa.LocalContainerEntityManagerFactoryBean(598) - Closing JPA EntityManagerFactory for persistence unit 'default'
2022-09-04 19:36:23,280 [INFO ] com.zaxxer.hikari.HikariDataSource(350) - HikariPool-1 - Shutdown initiated...
2022-09-04 19:36:23,297 [INFO ] com.zaxxer.hikari.HikariDataSource(352) - HikariPool-1 - Shutdown completed.
2022-09-04 19:36:31,604 [INFO ] com.book.manager.ManagerApplication(55) - Starting ManagerApplication on panjinsheng with PID 233924 (D:\develop_workspace\workspace_idea\project\springboot\book-manager-master\target\classes started by panjinsheng in D:\develop_workspace\workspace_idea\project\springboot\book-manager-master)
2022-09-04 19:36:31,633 [INFO ] com.book.manager.ManagerApplication(655) - The following profiles are active: dev
2022-09-04 19:36:32,568 [INFO ] org.springframework.data.repository.config.RepositoryConfigurationDelegate(127) - Bootstrapping Spring Data JPA repositories in DEFAULT mode.
2022-09-04 19:36:32,625 [INFO ] org.springframework.data.repository.config.RepositoryConfigurationDelegate(187) - Finished Spring Data repository scanning in 47ms. Found 3 JPA repository interfaces.
2022-09-04 19:36:33,379 [INFO ] org.springframework.boot.web.embedded.tomcat.TomcatWebServer(108) - Tomcat initialized with port(s): 8080 (http)
2022-09-04 19:36:33,389 [INFO ] org.apache.coyote.http11.Http11NioProtocol(173) - Initializing ProtocolHandler ["http-nio-8080"]
2022-09-04 19:36:33,390 [INFO ] org.apache.catalina.core.StandardService(173) - Starting service [Tomcat]
2022-09-04 19:36:33,390 [INFO ] org.apache.catalina.core.StandardEngine(173) - Starting Servlet engine: [Apache Tomcat/9.0.36]
2022-09-04 19:36:33,522 [INFO ] org.apache.catalina.core.ContainerBase.[Tomcat].[localhost].[/](173) - Initializing Spring embedded WebApplicationContext
2022-09-04 19:36:33,523 [INFO ] org.springframework.boot.web.servlet.context.ServletWebServerApplicationContext(285) - Root WebApplicationContext: initialization completed in 1846 ms
2022-09-04 19:36:33,859 [INFO ] org.hibernate.Version(44) - HHH000412: Hibernate ORM core version 5.4.17.Final
2022-09-04 19:36:33,983 [INFO ] org.hibernate.annotations.common.Version(49) - HCANN000001: Hibernate Commons Annotations {5.1.0.Final}
2022-09-04 19:36:34,101 [INFO ] com.zaxxer.hikari.HikariDataSource(110) - HikariPool-1 - Starting...
2022-09-04 19:36:34,852 [INFO ] com.zaxxer.hikari.HikariDataSource(123) - HikariPool-1 - Start completed.
2022-09-04 19:36:34,871 [INFO ] org.hibernate.dialect.Dialect(172) - HHH000400: Using dialect: org.hibernate.dialect.MySQL8Dialect
2022-09-04 19:36:35,555 [INFO ] org.hibernate.engine.transaction.jta.platform.internal.JtaPlatformInitiator(52) - HHH000490: Using JtaPlatform implementation: [org.hibernate.engine.transaction.jta.platform.internal.NoJtaPlatform]
2022-09-04 19:36:35,563 [INFO ] org.springframework.orm.jpa.LocalContainerEntityManagerFactoryBean(416) - Initialized JPA EntityManagerFactory for persistence unit 'default'
2022-09-04 19:36:36,679 [INFO ] springfox.documentation.spring.web.PropertySourcedRequestMappingHandlerMapping(69) - Mapped URL path [/v2/api-docs] onto method [springfox.documentation.swagger2.web.Swagger2Controller#getDocumentation(String, HttpServletRequest)]
2022-09-04 19:36:36,781 [INFO ] org.springframework.security.web.DefaultSecurityFilterChain(43) - Creating filter chain: Ant [pattern='/webjars/**'], []
2022-09-04 19:36:36,782 [INFO ] org.springframework.security.web.DefaultSecurityFilterChain(43) - Creating filter chain: Ant [pattern='/v2/**'], []
2022-09-04 19:36:36,782 [INFO ] org.springframework.security.web.DefaultSecurityFilterChain(43) - Creating filter chain: Ant [pattern='/swagger-resources/**'], []
2022-09-04 19:36:36,782 [INFO ] org.springframework.security.web.DefaultSecurityFilterChain(43) - Creating filter chain: Ant [pattern='/doc.html'], []
2022-09-04 19:36:36,782 [INFO ] org.springframework.security.web.DefaultSecurityFilterChain(43) - Creating filter chain: Ant [pattern='/docs.html'], []
2022-09-04 19:36:36,782 [INFO ] org.springframework.security.web.DefaultSecurityFilterChain(43) - Creating filter chain: Ant [pattern='swagger-ui.html'], []
2022-09-04 19:36:36,817 [INFO ] org.springframework.security.web.DefaultSecurityFilterChain(43) - Creating filter chain: any request, [org.springframework.security.web.context.request.async.WebAsyncManagerIntegrationFilter@674ed201, org.springframework.security.web.context.SecurityContextPersistenceFilter@57b3d869, org.springframework.security.web.header.HeaderWriterFilter@4888425d, org.springframework.security.web.authentication.logout.LogoutFilter@4b511e61, org.springframework.security.web.authentication.UsernamePasswordAuthenticationFilter@5de335cf, org.springframework.security.web.savedrequest.RequestCacheAwareFilter@291cbe70, org.springframework.security.web.servletapi.SecurityContextHolderAwareRequestFilter@74badf19, org.springframework.security.web.authentication.rememberme.RememberMeAuthenticationFilter@301d84f6, org.springframework.security.web.authentication.AnonymousAuthenticationFilter@4dad2363, org.springframework.security.web.session.SessionManagementFilter@166ddfb7, org.springframework.security.web.access.ExceptionTranslationFilter@545f0b6, org.springframework.security.web.access.intercept.FilterSecurityInterceptor@28f8ce2e]
2022-09-04 19:36:36,920 [INFO ] org.springframework.scheduling.concurrent.ThreadPoolTaskExecutor(181) - Initializing ExecutorService 'applicationTaskExecutor'
2022-09-04 19:36:36,961 [INFO ] org.springframework.boot.autoconfigure.web.servlet.WelcomePageHandlerMapping(58) - Adding welcome page template: index
2022-09-04 19:36:37,103 [INFO ] org.apache.coyote.http11.Http11NioProtocol(173) - Starting ProtocolHandler ["http-nio-8080"]
2022-09-04 19:36:37,120 [INFO ] org.springframework.boot.web.embedded.tomcat.TomcatWebServer(220) - Tomcat started on port(s): 8080 (http) with context path ''
2022-09-04 19:36:37,121 [INFO ] springfox.documentation.spring.web.plugins.DocumentationPluginsBootstrapper(147) - Context refreshed
2022-09-04 19:36:37,132 [INFO ] springfox.documentation.spring.web.plugins.DocumentationPluginsBootstrapper(150) - Found 1 custom documentation plugin(s)
2022-09-04 19:36:37,158 [INFO ] springfox.documentation.spring.web.scanners.ApiListingReferenceScanner(41) - Scanning for api listing references
2022-09-04 19:36:37,345 [INFO ] springfox.documentation.spring.web.readers.operation.CachingOperationNameGenerator(40) - Generating unique operation named: toLoginUsingGET_1
2022-09-04 19:36:37,347 [INFO ] springfox.documentation.spring.web.readers.operation.CachingOperationNameGenerator(40) - Generating unique operation named: toLoginUsingGET_2
2022-09-04 19:36:37,445 [INFO ] com.book.manager.ManagerApplication(61) - Started ManagerApplication in 6.348 seconds (JVM running for 8.106)
2022-09-04 19:36:40,995 [INFO ] org.apache.catalina.core.ContainerBase.[Tomcat].[localhost].[/](173) - Initializing Spring DispatcherServlet 'dispatcherServlet'
2022-09-04 19:36:40,995 [INFO ] org.springframework.web.servlet.DispatcherServlet(525) - Initializing Servlet 'dispatcherServlet'
2022-09-04 19:36:41,001 [INFO ] org.springframework.web.servlet.DispatcherServlet(547) - Completed initialization in 6 ms
2022-09-04 20:58:16,855 [INFO ] org.springframework.scheduling.concurrent.ThreadPoolTaskExecutor(218) - Shutting down ExecutorService 'applicationTaskExecutor'
2022-09-04 20:58:16,857 [INFO ] org.springframework.orm.jpa.LocalContainerEntityManagerFactoryBean(598) - Closing JPA EntityManagerFactory for persistence unit 'default'
2022-09-04 20:58:16,863 [INFO ] com.zaxxer.hikari.HikariDataSource(350) - HikariPool-1 - Shutdown initiated...
2022-09-04 20:58:16,872 [INFO ] com.zaxxer.hikari.HikariDataSource(352) - HikariPool-1 - Shutdown completed.
2022-09-04 20:58:25,052 [INFO ] com.book.manager.ManagerApplication(55) - Starting ManagerApplication on panjinsheng with PID 242216 (D:\develop_workspace\workspace_idea\project\springboot\book-manager-master\target\classes started by panjinsheng in D:\develop_workspace\workspace_idea\project\springboot\book-manager-master)
2022-09-04 20:58:25,087 [INFO ] com.book.manager.ManagerApplication(655) - The following profiles are active: dev
2022-09-04 20:58:26,039 [INFO ] org.springframework.data.repository.config.RepositoryConfigurationDelegate(127) - Bootstrapping Spring Data JPA repositories in DEFAULT mode.
2022-09-04 20:58:26,119 [INFO ] org.springframework.data.repository.config.RepositoryConfigurationDelegate(187) - Finished Spring Data repository scanning in 68ms. Found 3 JPA repository interfaces.
2022-09-04 20:58:26,789 [INFO ] org.springframework.boot.web.embedded.tomcat.TomcatWebServer(108) - Tomcat initialized with port(s): 8080 (http)
2022-09-04 20:58:26,798 [INFO ] org.apache.coyote.http11.Http11NioProtocol(173) - Initializing ProtocolHandler ["http-nio-8080"]
2022-09-04 20:58:26,798 [INFO ] org.apache.catalina.core.StandardService(173) - Starting service [Tomcat]
2022-09-04 20:58:26,800 [INFO ] org.apache.catalina.core.StandardEngine(173) - Starting Servlet engine: [Apache Tomcat/9.0.36]
2022-09-04 20:58:27,460 [INFO ] org.apache.catalina.core.ContainerBase.[Tomcat].[localhost].[/](173) - Initializing Spring embedded WebApplicationContext
2022-09-04 20:58:27,460 [INFO ] org.springframework.boot.web.servlet.context.ServletWebServerApplicationContext(285) - Root WebApplicationContext: initialization completed in 2311 ms
2022-09-04 20:58:27,822 [INFO ] org.hibernate.Version(44) - HHH000412: Hibernate ORM core version 5.4.17.Final
2022-09-04 20:58:27,941 [INFO ] org.hibernate.annotations.common.Version(49) - HCANN000001: Hibernate Commons Annotations {5.1.0.Final}
2022-09-04 20:58:28,071 [INFO ] com.zaxxer.hikari.HikariDataSource(110) - HikariPool-1 - Starting...
2022-09-04 20:58:29,185 [INFO ] com.zaxxer.hikari.HikariDataSource(123) - HikariPool-1 - Start completed.
2022-09-04 20:58:29,202 [INFO ] org.hibernate.dialect.Dialect(172) - HHH000400: Using dialect: org.hibernate.dialect.MySQL8Dialect
2022-09-04 20:58:29,912 [INFO ] org.hibernate.engine.transaction.jta.platform.internal.JtaPlatformInitiator(52) - HHH000490: Using JtaPlatform implementation: [org.hibernate.engine.transaction.jta.platform.internal.NoJtaPlatform]
2022-09-04 20:58:29,921 [INFO ] org.springframework.orm.jpa.LocalContainerEntityManagerFactoryBean(416) - Initialized JPA EntityManagerFactory for persistence unit 'default'
2022-09-04 20:58:31,051 [INFO ] springfox.documentation.spring.web.PropertySourcedRequestMappingHandlerMapping(69) - Mapped URL path [/v2/api-docs] onto method [springfox.documentation.swagger2.web.Swagger2Controller#getDocumentation(String, HttpServletRequest)]
2022-09-04 20:58:31,157 [INFO ] org.springframework.security.web.DefaultSecurityFilterChain(43) - Creating filter chain: Ant [pattern='/webjars/**'], []
2022-09-04 20:58:31,157 [INFO ] org.springframework.security.web.DefaultSecurityFilterChain(43) - Creating filter chain: Ant [pattern='/v2/**'], []
2022-09-04 20:58:31,158 [INFO ] org.springframework.security.web.DefaultSecurityFilterChain(43) - Creating filter chain: Ant [pattern='/swagger-resources/**'], []
2022-09-04 20:58:31,158 [INFO ] org.springframework.security.web.DefaultSecurityFilterChain(43) - Creating filter chain: Ant [pattern='/doc.html'], []
2022-09-04 20:58:31,158 [INFO ] org.springframework.security.web.DefaultSecurityFilterChain(43) - Creating filter chain: Ant [pattern='/docs.html'], []
2022-09-04 20:58:31,158 [INFO ] org.springframework.security.web.DefaultSecurityFilterChain(43) - Creating filter chain: Ant [pattern='swagger-ui.html'], []
2022-09-04 20:58:31,190 [INFO ] org.springframework.security.web.DefaultSecurityFilterChain(43) - Creating filter chain: any request, [org.springframework.security.web.context.request.async.WebAsyncManagerIntegrationFilter@495e8a3, org.springframework.security.web.context.SecurityContextPersistenceFilter@6b64bf61, org.springframework.security.web.header.HeaderWriterFilter@fb2c2f3, org.springframework.security.web.authentication.logout.LogoutFilter@6de5ad56, org.springframework.security.web.authentication.UsernamePasswordAuthenticationFilter@4ebd8d2, org.springframework.security.web.savedrequest.RequestCacheAwareFilter@7846913f, org.springframework.security.web.servletapi.SecurityContextHolderAwareRequestFilter@601d9f3a, org.springframework.security.web.authentication.rememberme.RememberMeAuthenticationFilter@3cf70afa, org.springframework.security.web.authentication.AnonymousAuthenticationFilter@6a7aa675, org.springframework.security.web.session.SessionManagementFilter@2d2a8819, org.springframework.security.web.access.ExceptionTranslationFilter@4e3ee457, org.springframework.security.web.access.intercept.FilterSecurityInterceptor@2a510e0e]
2022-09-04 20:58:31,269 [INFO ] org.springframework.scheduling.concurrent.ThreadPoolTaskExecutor(181) - Initializing ExecutorService 'applicationTaskExecutor'
2022-09-04 20:58:31,300 [INFO ] org.springframework.boot.autoconfigure.web.servlet.WelcomePageHandlerMapping(58) - Adding welcome page template: index
2022-09-04 20:58:31,425 [INFO ] org.apache.coyote.http11.Http11NioProtocol(173) - Starting ProtocolHandler ["http-nio-8080"]
2022-09-04 20:58:31,445 [INFO ] org.springframework.boot.web.embedded.tomcat.TomcatWebServer(220) - Tomcat started on port(s): 8080 (http) with context path ''
2022-09-04 20:58:31,446 [INFO ] springfox.documentation.spring.web.plugins.DocumentationPluginsBootstrapper(147) - Context refreshed
2022-09-04 20:58:31,459 [INFO ] springfox.documentation.spring.web.plugins.DocumentationPluginsBootstrapper(150) - Found 1 custom documentation plugin(s)
2022-09-04 20:58:31,487 [INFO ] springfox.documentation.spring.web.scanners.ApiListingReferenceScanner(41) - Scanning for api listing references
2022-09-04 20:58:31,598 [INFO ] org.apache.catalina.core.ContainerBase.[Tomcat].[localhost].[/](173) - Initializing Spring DispatcherServlet 'dispatcherServlet'
2022-09-04 20:58:31,598 [INFO ] org.springframework.web.servlet.DispatcherServlet(525) - Initializing Servlet 'dispatcherServlet'
2022-09-04 20:58:31,606 [INFO ] org.springframework.web.servlet.DispatcherServlet(547) - Completed initialization in 8 ms
2022-09-04 20:58:31,685 [INFO ] springfox.documentation.spring.web.readers.operation.CachingOperationNameGenerator(40) - Generating unique operation named: toLoginUsingGET_1
2022-09-04 20:58:31,687 [INFO ] springfox.documentation.spring.web.readers.operation.CachingOperationNameGenerator(40) - Generating unique operation named: toLoginUsingGET_2
2022-09-04 20:58:31,775 [INFO ] com.book.manager.ManagerApplication(61) - Started ManagerApplication in 7.157 seconds (JVM running for 12.057)
2022-09-04 21:13:02,640 [INFO ] org.springframework.scheduling.concurrent.ThreadPoolTaskExecutor(218) - Shutting down ExecutorService 'applicationTaskExecutor'
2022-09-04 21:13:02,642 [INFO ] org.springframework.orm.jpa.LocalContainerEntityManagerFactoryBean(598) - Closing JPA EntityManagerFactory for persistence unit 'default'
2022-09-04 21:13:02,646 [INFO ] com.zaxxer.hikari.HikariDataSource(350) - HikariPool-1 - Shutdown initiated...
2022-09-04 21:13:02,665 [INFO ] com.zaxxer.hikari.HikariDataSource(352) - HikariPool-1 - Shutdown completed.
